Arguments: 
  C:\Program Files\nodejs\node.exe C:\Program Files (x86)\Yarn\bin\yarn.js add multer

PATH: 
  C:\Program Files (x86)\Common Files\Intel\Shared Libraries\redist\intel64\compiler;C:\Python27\;C:\Python27\Scripts;C:\Program Files (x86)\Common Files\Oracle\Java\javapath;C:\WINDOWS\system32;C:\WINDOWS;C:\WINDOWS\System32\Wbem;C:\WINDOWS\System32\WindowsPowerShell\v1.0\;C:\Program Files\nodejs\;C:\ProgramData\chocolatey\bin;C:\Program Files (x86)\Yarn\bin\;C:\WINDOWS\System32\OpenSSH\;C:\Program Files\Git\cmd;C:\Program Files\GraphicsMagick-1.3.35-Q16;C:\Users\Marlene\AppData\Local\Android\Sdk\platform-tools;C:\Users\Marlene\AppData\Local\Programs\Microsoft VS Code\bin;C:\Users\Marlene\AppData\Roaming\npm;C:\Users\Marlene\AppData\Local\Yarn\bin;C:\Users\Marlene\AppData\Local\Microsoft\WindowsApps;C:\Program Files\heroku\bin;C:\Program Files\MongoDB\Server\4.2\bin;C:\Program Files\ImageMagick-7.0.10-Q16;C:\Program Files\GraphicsMagick-1.3.35-Q16;C:\Users\Marlene\AppData\Local\Android\Sdk\platform-tools;

Yarn version: 
  1.21.1

Node version: 
  12.14.1

Platform: 
  win32 x64

Trace: 
  Error: EPERM: operation not permitted, unlink 'C:\Users\Marlene\Documents\Elismar\ESTUDOS\Next level week\server\node_modules\sqlite3\lib\binding\node-v72-win32-x64\node_sqlite3.node'

npm manifest: 
  {
    "name": "server",
    "version": "1.0.0",
    "description": "",
    "main": "index.js",
    "scripts": {
      "dev": "ts-node-dev --ignore-watch node_modules src/server.ts",
      "knex:seed": "knex --knexfile knexfile.ts seed:run",
      "knex:migrate": "knex --knexfile knexfile.ts migrate:latest"
    },
    "keywords": [],
    "author": "",
    "license": "ISC",
    "dependencies": {
      "cors": "^2.8.5",
      "express": "^4.17.1",
      "knex": "^0.21.1",
      "sqlite3": "^4.2.0"
    },
    "devDependencies": {
      "@types/cors": "^2.8.6",
      "@types/express": "^4.17.6",
      "ts-node": "^8.10.2",
      "ts-node-dev": "^1.0.0-pre.44",
      "typescript": "^3.9.3"
    }
  }

yarn manifest: 
  No manifest

Lockfile: 
  No lockfile
